2025-08-24 12:47:21,269 - INFO - [31m[1mWARNING: This is a development server. Do not use it in a production deployment. Use a production WSGI server instead.[0m
 * Running on all addresses (0.0.0.0)
 * Running on http://127.0.0.1:5000
 * Running on http://192.168.1.171:5000
2025-08-24 12:47:21,269 - INFO - [33mPress CTRL+C to quit[0m
2025-08-24 12:47:21,290 - INFO -  * Restarting with watchdog (windowsapi)
2025-08-24 12:47:22,856 - WARNING -  * Debugger is active!
2025-08-24 12:47:22,880 - INFO -  * Debugger PIN: 832-642-702
2025-08-24 12:47:48,876 - INFO - 127.0.0.1 - - [24/Aug/2025 12:47:48] "OPTIONS /api/chat HTTP/1.1" 200 -
2025-08-24 12:47:50,677 - INFO - USER: hello
2025-08-24 12:47:50,677 - INFO - ASSISTANT: Sorry I was built only for helping with math.
2025-08-24 12:47:50,677 - INFO - 127.0.0.1 - - [24/Aug/2025 12:47:50] "POST /api/chat HTTP/1.1" 200 -
2025-08-24 12:48:26,164 - INFO - 127.0.0.1 - - [24/Aug/2025 12:48:26] "OPTIONS /api/chat HTTP/1.1" 200 -
2025-08-24 12:48:28,350 - INFO - USER: Count the number of sides in a triangle
2025-08-24 12:48:28,350 - INFO - ASSISTANT: Hello there! I can definitely help you with that.

A triangle is one of the most fundamental shapes in geometry, and its name actually gives us a big clue about its structure!

*   **Problem**: Count the number of sides in a triangle.
*   **Solution**:
    *   The prefix "tri-" in triangle means "three".
    *   A triangle is a polygon formed by three line segments called sides.
    *   These three sides connect at three points called vertices.
*   **Final Answer**: A triangle has **3** sides.
2025-08-24 12:48:28,350 - INFO - 127.0.0.1 - - [24/Aug/2025 12:48:28] "POST /api/chat HTTP/1.1" 200 -
2025-08-24 13:01:11,841 - INFO - 127.0.0.1 - - [24/Aug/2025 13:01:11] "OPTIONS /api/chat HTTP/1.1" 200 -
2025-08-24 13:01:13,539 - INFO - USER: hello
2025-08-24 13:01:13,539 - INFO - ASSISTANT: Sorry I was built only for helping with math.
2025-08-24 13:01:13,539 - INFO - 127.0.0.1 - - [24/Aug/2025 13:01:13] "POST /api/chat HTTP/1.1" 200 -
2025-08-24 13:05:03,289 - INFO - 127.0.0.1 - - [24/Aug/2025 13:05:03] "OPTIONS /api/chat HTTP/1.1" 200 -
2025-08-24 13:05:06,064 - INFO - USER: hello Myself girish !
2025-08-24 13:05:06,065 - INFO - ASSISTANT: Hello Girish! It's nice to meet you.

Sorry, I was built only for helping with math. If you have any math questions, feel free to ask! I'm here to help you understand and solve them. \U0001f60a
2025-08-24 13:05:06,091 - INFO - 127.0.0.1 - - [24/Aug/2025 13:05:06] "POST /api/chat HTTP/1.1" 200 -
2025-08-24 13:05:11,216 - INFO - 127.0.0.1 - - [24/Aug/2025 13:05:11] "OPTIONS /api/chat HTTP/1.1" 200 -
2025-08-24 13:05:14,555 - INFO - USER: Area of a rectangle with length 10 cm and breadth 5 cm?
2025-08-24 13:05:14,556 - INFO - ASSISTANT: Hello there! I can certainly help you find the area of a rectangle. It's a fundamental concept in geometry!

- **Problem**: Find the area of a rectangle with length 10 cm and breadth 5 cm.

- **Solution**:
  - Step 1: Recall the formula for the area of a rectangle.
    The area of a rectangle (A) is calculated by multiplying its length (L) by its breadth (B).
    Formula: $A = L \times B$
  - Step 2: Substitute the given values into the formula.
    Given length (L) = 10 cm
    Given breadth (B) = 5 cm
    $A = 10 \text{ cm} \times 5 \text{ cm}$
  - Step 3: Perform the multiplication.
    $A = 50 \text{ cm}^2$

- **Final Answer**: The area of the rectangle is $50 \text{ cm}^2$.
2025-08-24 13:05:14,557 - INFO - 127.0.0.1 - - [24/Aug/2025 13:05:14] "POST /api/chat HTTP/1.1" 200 -
2025-08-24 13:48:58,829 - INFO -  * Detected change in 'C:\\Users\\admin\\OneDrive\\Desktop\\project\\backend\\main.py', reloading
2025-08-24 13:49:01,917 - INFO -  * Restarting with watchdog (windowsapi)
2025-08-24 13:49:04,982 - WARNING -  * Debugger is active!
2025-08-24 13:49:04,995 - INFO -  * Debugger PIN: 832-642-702
2025-08-24 14:08:55,210 - INFO - 127.0.0.1 - - [24/Aug/2025 14:08:55] "OPTIONS /api/chat HTTP/1.1" 200 -
2025-08-24 14:08:56,713 - INFO - USER: hello
2025-08-24 14:08:56,715 - INFO - ASSISTANT: Sorry I was built only for helping with math.
2025-08-24 14:08:56,715 - INFO - 127.0.0.1 - - [24/Aug/2025 14:08:56] "POST /api/chat HTTP/1.1" 200 -
2025-08-24 14:16:38,982 - INFO - [31m[1mWARNING: This is a development server. Do not use it in a production deployment. Use a production WSGI server instead.[0m
 * Running on all addresses (0.0.0.0)
 * Running on http://127.0.0.1:5000
 * Running on http://192.168.1.171:5000
2025-08-24 14:16:38,983 - INFO - [33mPress CTRL+C to quit[0m
2025-08-24 14:16:38,997 - INFO -  * Restarting with watchdog (windowsapi)
2025-08-24 14:16:40,412 - WARNING -  * Debugger is active!
2025-08-24 14:16:40,417 - INFO -  * Debugger PIN: 832-642-702
2025-08-24 14:17:48,832 - INFO - 127.0.0.1 - - [24/Aug/2025 14:17:48] "OPTIONS /api/chat HTTP/1.1" 200 -
2025-08-24 14:17:50,817 - INFO - USER: hello i am girish
2025-08-24 14:17:50,820 - INFO - ASSISTANT: Hello Girish! It's great to meet you!

Sorry, I was built only for helping with math. How can I assist you with a math problem today? Feel free to ask me anything from algebra to calculus, or even just a quick arithmetic question!
2025-08-24 14:17:50,820 - INFO - 127.0.0.1 - - [24/Aug/2025 14:17:50] "POST /api/chat HTTP/1.1" 200 -
2025-08-24 14:17:59,607 - INFO - 127.0.0.1 - - [24/Aug/2025 14:17:59] "OPTIONS /api/chat HTTP/1.1" 200 -
2025-08-24 14:18:01,647 - INFO - USER: MCA RVCE
2025-08-24 14:18:01,647 - INFO - ASSISTANT: Sorry I was built only for helping with math.
2025-08-24 14:18:01,648 - INFO - 127.0.0.1 - - [24/Aug/2025 14:18:01] "POST /api/chat HTTP/1.1" 200 -
2025-08-24 14:18:27,196 - INFO - 127.0.0.1 - - [24/Aug/2025 14:18:27] "OPTIONS /api/chat HTTP/1.1" 200 -
2025-08-24 14:18:32,367 - INFO - USER: give the 9st mathe stopics
2025-08-24 14:18:32,367 - INFO - ASSISTANT: Hello there! It sounds like you're asking for common math topics covered in the 9th grade. That's a great question! 9th-grade math typically focuses heavily on Algebra I, with some geometry concepts often introduced or reviewed.

Here are some of the key math topics you'd typically encounter in 9th grade:

*   **Algebraic Foundations:**
    *   **Real Numbers:** Understanding rational and irrational numbers, properties of real numbers, and operations with real numbers.
    *   **Variables and Expressions:** Evaluating algebraic expressions, simplifying expressions, and understanding order of operations.
    *   **Equations and Inequalities:**
        *   Solving linear equations in one variable (e.g., $ax + b = c$).
        *   Solving linear inequalities in one variable.
        *   Solving literal equations (rearranging formulas).
        *   Solving absolute value equations and inequalities.
*   **Functions:**
    *   **Introduction to Functions:** Understanding what a function is, domain and range, and function notation ($f(x)$).
    *   **Linear Functions:**
        *   Graphing linear equations (slope-intercept, standard form).
        *   Calculating slope.
        *   Writing equations of lines (point-slope, slope-intercept).
        *   Understanding parallel and perpendicular lines.
*   **Systems of Equations and Inequalities:**
    *   **Solving Systems of Linear Equations:** Using graphing, substitution, and elimination methods.
    *   **Solving Systems of Linear Inequalities:** Graphing the solution set.
*   **Exponents and Polynomials:**
    *   **Properties of Exponents:** Rules for multiplying, dividing, and raising powers.
    *   **Scientific Notation.**
    *   **Polynomial Operations:** Adding, subtracting, multiplying (including FOIL and special products like $(a+b)^2$), and dividing polynomials (by monomials).
    *   **Factoring Polynomials:**
        *   Factoring out the greatest common factor (GCF).
        *   Factoring trinomials ($x^2 + bx + c$ and $ax^2 + bx + c$).
        *   Factoring differences of squares ($a^2 - b^2$).
*   **Quadratic Functions:**
    *   **Introduction to Quadratic Equations:** Understanding the form $ax^2 + bx + c = 0$.
    *   **Solving Quadratic Equations:** By factoring, completing the square, and using the quadratic formula.
    *   **Graphing Parabolas:** Understanding the vertex, axis of symmetry, and intercepts.
*   **Radical Expressions:**
    *   **Simplifying Radicals:** Square roots and cube roots.
    *   **Operations with Radicals:** Adding, subtracting, multiplying, and dividing.
    *   **Solving Radical Equations.**
*   **Rational Expressions:**
    *   **Simplifying Rational Expressions.**
    *   **Operations with Rational Expressions:** Multiplying and dividing.

Some curricula might also introduce basic **probability and statistics** or more advanced **geometry** topics depending on the school system.

I hope this list helps you understand what to expect! Let me know if you have any questions about specific topics!
2025-08-24 14:18:32,369 - INFO - 127.0.0.1 - - [24/Aug/2025 14:18:32] "POST /api/chat HTTP/1.1" 200 -
2025-08-24 14:43:42,387 - INFO - 127.0.0.1 - - [24/Aug/2025 14:43:42] "OPTIONS /api/chat HTTP/1.1" 200 -
2025-08-24 14:43:44,112 - INFO - USER: hello Myself Girish
2025-08-24 14:43:44,113 - INFO - ASSISTANT: Hello Girish! It's great to meet you.

I'm a Mathematics Chatbot, ready to help you with any math questions you might have. Feel free to ask me anything from algebra to calculus, or anything in between! How can I assist you with math today?
2025-08-24 14:43:44,117 - INFO - 127.0.0.1 - - [24/Aug/2025 14:43:44] "POST /api/chat HTTP/1.1" 200 -
2025-08-24 14:44:16,375 - INFO - 127.0.0.1 - - [24/Aug/2025 14:44:16] "OPTIONS /api/chat HTTP/1.1" 200 -
2025-08-24 14:44:18,432 - INFO - USER: i need a some imp coding question ?
2025-08-24 14:44:18,432 - INFO - ASSISTANT: Sorry, I was built only for helping with math.
2025-08-24 14:44:18,433 - INFO - 127.0.0.1 - - [24/Aug/2025 14:44:18] "POST /api/chat HTTP/1.1" 200 -
2025-08-24 14:44:46,481 - INFO - 127.0.0.1 - - [24/Aug/2025 14:44:46] "OPTIONS /api/chat HTTP/1.1" 200 -
2025-08-24 14:44:48,903 - INFO - USER: give a formula for area of circle 
2025-08-24 14:44:48,903 - INFO - ASSISTANT: Hello there! I'd be happy to help you with that.

The formula for the area of a circle is one of the most fundamental concepts in geometry.

- **Formula**:
The area ($A$) of a circle can be calculated using the following formula:

$A = \pi r^2$

- **Explanation**:
  - $A$ represents the area of the circle.
  - $\pi$ (pi) is a mathematical constant, approximately equal to 3.14159. It's the ratio of a circle's circumference to its diameter.
  - $r$ represents the radius of the circle, which is the distance from the center of the circle to any point on its circumference.

So, to find the area of a circle, you simply square its radius and then multiply that result by $\pi$.

Let me know if you'd like to try an example!
2025-08-24 14:44:48,906 - INFO - 127.0.0.1 - - [24/Aug/2025 14:44:48] "POST /api/chat HTTP/1.1" 200 -
2025-08-24 14:45:14,568 - INFO - 127.0.0.1 - - [24/Aug/2025 14:45:14] "OPTIONS /api/chat HTTP/1.1" 200 -
2025-08-24 14:45:22,633 - INFO - USER: how to find area of triangle with step by step solution ?
2025-08-24 14:45:22,633 - INFO - ASSISTANT: Hello there! I'd be happy to help you understand how to find the area of a triangle. There are a few ways, but the most common one involves its base and height. Let's dive in!

### Method 1: Using Base and Height (The Most Common Way)

This method is used when you know the length of one side (the base) and the perpendicular height from that base to the opposite vertex.

-   **Problem**: Find the area of a triangle with a base of 10 units and a height of 5 units.
-   **Solution**:
    -   **Step 1: Understand the Formula**
        The formula for the area of a triangle using its base and height is:
        $$ \text{Area} = \frac{1}{2} \times \text{base} \times \text{height} $$
        Or, sometimes written as:
        $$ \text{Area} = \frac{\text{base} \times \text{height}}{2} $$
        Where:
        *   **Base (b)**: Any side of the triangle.
        *   **Height (h)**: The perpendicular distance from the chosen base to the opposite vertex. It must form a 90-degree angle with the base.

    -   **Step 2: Identify the Given Values**
        From our problem, we have:
        *   Base (b) = 10 units
        *   Height (h) = 5 units

    -   **Step 3: Substitute the Values into the Formula**
        $$ \text{Area} = \frac{1}{2} \times 10 \text{ units} \times 5 \text{ units} $$

    -   **Step 4: Perform the Calculation**
        First, multiply the base and height:
        $$ 10 \times 5 = 50 \text{ square units} $$
        Then, multiply by $\frac{1}{2}$ (or divide by 2):
        $$ \text{Area} = \frac{1}{2} \times 50 \text{ square units} = 25 \text{ square units} $$
-   **Final Answer**: The area of the triangle is 25 square units.

---

### Method 2: Using Heron's Formula (When You Know All Three Side Lengths)

If you only know the lengths of all three sides of a triangle and not the height, you can use Heron's Formula.

-   **Problem**: Find the area of a triangle with side lengths a = 3 units, b = 4 units, and c = 5 units.
-   **Solution**:
    -   **Step 1: Understand Heron's Formula**
        Heron's Formula requires you to first calculate the "semi-perimeter" (half the perimeter). Let the side lengths be $a$, $b$, and $c$.

        **Semi-perimeter (s)**:
        $$ s = \frac{a + b + c}{2} $$

        **Area Formula**:
        $$ \text{Area} = \sqrt{s(s-a)(s-b)(s-c)} $$

    -   **Step 2: Identify the Given Values**
        We have:
        *   $a = 3$ units
        *   $b = 4$ units
        *   $c = 5$ units

    -   **Step 3: Calculate the Semi-perimeter (s)**
        $$ s = \frac{3 + 4 + 5}{2} = \frac{12}{2} = 6 \text{ units} $$

    -   **Step 4: Substitute Values into Heron's Area Formula**
        $$ \text{Area} = \sqrt{6(6-3)(6-4)(6-5)} $$

    -   **Step 5: Perform the Calculation**
        $$ \text{Area} = \sqrt{6(3)(2)(1)} $$
        $$ \text{Area} = \sqrt{36} $$
        $$ \text{Area} = 6 \text{ square units} $$
-   **Final Answer**: The area of the triangle is 6 square units. (This is a classic right-angled triangle, a 3-4-5 triangle, so you could also use the base and height method if you recognized it as such: $\frac{1}{2} \times 3 \times 4 = 6$).

I hope these step-by-step explanations make finding the area of a triangle super clear for you! Let me know if you have any more math questions!
2025-08-24 14:45:22,638 - INFO - 127.0.0.1 - - [24/Aug/2025 14:45:22] "POST /api/chat HTTP/1.1" 200 -
2025-08-24 15:00:20,889 - INFO -  * Detected change in 'C:\\Users\\admin\\OneDrive\\Desktop\\project\\backend\\main.py', reloading
2025-08-24 15:00:24,414 - INFO -  * Restarting with watchdog (windowsapi)
2025-08-24 15:00:30,169 - WARNING -  * Debugger is active!
2025-08-24 15:00:30,179 - INFO -  * Debugger PIN: 832-642-702
2025-08-24 15:00:30,290 - INFO -  * Detected change in 'C:\\Users\\admin\\AppData\\Roaming\\Python\\Python312\\site-packages\\google\\ai\\generativelanguage_v1beta\\types\\file.py', reloading
2025-08-24 15:00:30,334 - INFO -  * Detected change in 'C:\\Users\\admin\\AppData\\Roaming\\Python\\Python312\\site-packages\\google\\api_core\\timeout.py', reloading
2025-08-24 15:00:30,364 - INFO -  * Detected change in 'C:\\Users\\admin\\AppData\\Roaming\\Python\\Python312\\site-packages\\google\\api_core\\retry\\__init__.py', reloading
2025-08-24 15:00:30,405 - INFO -  * Detected change in 'C:\\Users\\admin\\AppData\\Roaming\\Python\\Python312\\site-packages\\google\\api_core\\retry\\retry_unary.py', reloading
2025-08-24 15:00:30,434 - INFO -  * Detected change in 'C:\\Users\\admin\\AppData\\Roaming\\Python\\Python312\\site-packages\\google\\api_core\\retry\\retry_base.py', reloading
2025-08-24 15:00:30,454 - INFO -  * Detected change in 'C:\\Users\\admin\\AppData\\Roaming\\Python\\Python312\\site-packages\\google\\generativeai\\string_utils.py', reloading
2025-08-24 15:00:30,524 - INFO -  * Detected change in 'C:\\Users\\admin\\AppData\\Roaming\\Python\\Python312\\site-packages\\flask\\typing.py', reloading
2025-08-24 15:00:30,534 - INFO -  * Detected change in 'C:\\Users\\admin\\AppData\\Roaming\\Python\\Python312\\site-packages\\werkzeug\\datastructures\\__init__.py', reloading
2025-08-24 15:00:30,584 - INFO -  * Detected change in 'C:\\Users\\admin\\AppData\\Roaming\\Python\\Python312\\site-packages\\werkzeug\\utils.py', reloading
2025-08-24 15:00:30,619 - INFO -  * Detected change in 'C:\\Users\\admin\\AppData\\Roaming\\Python\\Python312\\site-packages\\werkzeug\\_internal.py', reloading
2025-08-24 15:00:30,904 - INFO -  * Detected change in 'C:\\Program Files\\Python312\\Lib\\datetime.py', reloading
2025-08-24 15:00:30,943 - INFO -  * Detected change in 'C:\\Program Files\\Python312\\Lib\\_pydatetime.py', reloading
2025-08-24 15:00:31,651 - INFO -  * Restarting with watchdog (windowsapi)
2025-08-24 15:00:34,575 - WARNING -  * Debugger is active!
2025-08-24 15:00:34,586 - INFO -  * Debugger PIN: 832-642-702
2025-08-24 15:00:50,486 - INFO -  * Detected change in 'C:\\Program Files\\Python312\\Lib\\logging\\__init__.py', reloading
2025-08-24 15:00:51,261 - INFO -  * Restarting with watchdog (windowsapi)
2025-08-24 15:00:52,655 - WARNING -  * Debugger is active!
2025-08-24 15:00:52,655 - INFO -  * Debugger PIN: 832-642-702
2025-08-24 15:05:49,597 - INFO - [31m[1mWARNING: This is a development server. Do not use it in a production deployment. Use a production WSGI server instead.[0m
 * Running on all addresses (0.0.0.0)
 * Running on http://127.0.0.1:5000
 * Running on http://192.168.1.171:5000
2025-08-24 15:05:49,597 - INFO - [33mPress CTRL+C to quit[0m
2025-08-24 15:05:49,609 - INFO -  * Restarting with watchdog (windowsapi)
2025-08-24 15:05:50,984 - WARNING -  * Debugger is active!
2025-08-24 15:05:50,985 - INFO -  * Debugger PIN: 832-642-702
2025-08-24 15:06:43,558 - INFO - 127.0.0.1 - - [24/Aug/2025 15:06:43] "OPTIONS /api/chat HTTP/1.1" 200 -
2025-08-24 15:06:45,327 - INFO - USER: hello
2025-08-24 15:06:45,328 - INFO - ASSISTANT: Hello there! I'm ready to help you with any math questions you have. Feel free to ask away! \U0001f60a
2025-08-24 15:06:45,331 - INFO - 127.0.0.1 - - [24/Aug/2025 15:06:45] "POST /api/chat HTTP/1.1" 200 -
2025-08-24 15:06:51,471 - INFO - 127.0.0.1 - - [24/Aug/2025 15:06:51] "OPTIONS /api/chat HTTP/1.1" 200 -
2025-08-24 15:06:54,495 - INFO - USER: area of circle
2025-08-24 15:06:54,496 - INFO - ASSISTANT: Hello there! I'd be happy to help you with the area of a circle.

The area of a circle is the total space enclosed within its boundary. To calculate it, you need to know its radius.

-   **Formula**:
    The formula for the area ($A$) of a circle is:

    $$A = \pi r^2$$

    Where:
    *   $A$ is the area of the circle.
    *   $\pi$ (pi) is a mathematical constant, approximately equal to $3.14159$.
    *   $r$ is the radius of the circle (the distance from the center of the circle to any point on its circumference).

-   **Explanation**:
    This formula means you multiply pi by the square of the radius. If you have the diameter ($d$) instead of the radius, remember that the radius is half of the diameter ($r = d/2$).

Let me know if you'd like to try an example!
2025-08-24 15:06:54,497 - INFO - 127.0.0.1 - - [24/Aug/2025 15:06:54] "POST /api/chat HTTP/1.1" 200 -
2025-08-25 00:05:09,961 - INFO - [31m[1mWARNING: This is a development server. Do not use it in a production deployment. Use a production WSGI server instead.[0m
 * Running on all addresses (0.0.0.0)
 * Running on http://127.0.0.1:5000
 * Running on http://192.168.1.171:5000
2025-08-25 00:05:09,962 - INFO - [33mPress CTRL+C to quit[0m
2025-08-25 00:05:09,978 - INFO -  * Restarting with watchdog (windowsapi)
2025-08-25 00:05:11,868 - WARNING -  * Debugger is active!
2025-08-25 00:05:11,874 - INFO -  * Debugger PIN: 832-642-702
2025-08-25 00:07:14,735 - INFO - 127.0.0.1 - - [25/Aug/2025 00:07:14] "OPTIONS /api/chat HTTP/1.1" 200 -
2025-08-25 00:07:20,893 - INFO - USER: hello
2025-08-25 00:07:20,893 - INFO - ASSISTANT: Sorry I was built only for helping with math.
2025-08-25 00:07:20,897 - INFO - 127.0.0.1 - - [25/Aug/2025 00:07:20] "POST /api/chat HTTP/1.1" 200 -
2025-08-25 00:18:09,136 - INFO - 127.0.0.1 - - [25/Aug/2025 00:18:09] "[31m[1mPOST /api/chat HTTP/1.1[0m" 415 -
2025-08-25 00:18:18,590 - INFO - 127.0.0.1 - - [25/Aug/2025 00:18:18] "[31m[1mPOST /api/chat HTTP/1.1[0m" 415 -
2025-08-25 00:18:37,052 - INFO - 127.0.0.1 - - [25/Aug/2025 00:18:37] "OPTIONS /api/chat HTTP/1.1" 200 -
2025-08-25 00:18:41,027 - INFO - USER: hello
2025-08-25 00:18:41,029 - INFO - ASSISTANT: Sorry I was built only for helping with math.
2025-08-25 00:18:41,029 - INFO - 127.0.0.1 - - [25/Aug/2025 00:18:41] "POST /api/chat HTTP/1.1" 200 -
2025-08-25 00:18:45,096 - INFO - 127.0.0.1 - - [25/Aug/2025 00:18:45] "OPTIONS /api/chat HTTP/1.1" 200 -
2025-08-25 00:18:49,016 - INFO - USER: mathes
2025-08-25 00:18:49,016 - INFO - ASSISTANT: Hello! It seems like you might be asking for help with a math problem, or perhaps you're just saying hello!

To help you best, could you please tell me what specific math topic you're interested in, or if you have a particular question or problem you'd like me to solve?

I'm ready when you are! \U0001f60a
2025-08-25 00:18:49,024 - INFO - 127.0.0.1 - - [25/Aug/2025 00:18:49] "POST /api/chat HTTP/1.1" 200 -
2025-08-25 00:18:59,206 - INFO - 127.0.0.1 - - [25/Aug/2025 00:18:59] "OPTIONS /api/chat HTTP/1.1" 200 -
2025-08-25 00:19:03,250 - INFO - USER: give the formula list
2025-08-25 00:19:03,252 - INFO - ASSISTANT: Hello there! I'd love to help you with a list of formulas, but mathematics is a vast field with many different branches. To give you the most useful list, could you please tell me what kind of formulas you're interested in?

For example, are you looking for:
*   **Algebra formulas** (e.g., quadratic formula, factoring formulas)?
*   **Geometry formulas** (e.g., area, perimeter, volume formulas)?
*   **Trigonometry formulas** (e.g., sine, cosine, tangent identities)?
*   **Calculus formulas** (e.g., differentiation rules, integration techniques)?
*   **Statistics formulas** (e.g., mean, median, standard deviation)?

Once you tell me the topic, I can provide a relevant and helpful list for you! \U0001f60a
2025-08-25 00:19:03,253 - INFO - 127.0.0.1 - - [25/Aug/2025 00:19:03] "POST /api/chat HTTP/1.1" 200 -
2025-08-25 00:23:24,921 - INFO - 127.0.0.1 - - [25/Aug/2025 00:23:24] "[31m[1mPOST /api/chat HTTP/1.1[0m" 415 -
2025-08-25 00:23:32,312 - INFO - 127.0.0.1 - - [25/Aug/2025 00:23:32] "[31m[1mPOST /api/chat HTTP/1.1[0m" 415 -
2025-08-25 00:23:42,172 - INFO - 127.0.0.1 - - [25/Aug/2025 00:23:42] "[31m[1mPOST /api/chat HTTP/1.1[0m" 415 -
2025-08-25 00:23:54,579 - INFO - 127.0.0.1 - - [25/Aug/2025 00:23:54] "OPTIONS /api/chat HTTP/1.1" 200 -
2025-08-25 00:23:59,195 - INFO - USER: hello
2025-08-25 00:23:59,195 - INFO - ASSISTANT: Sorry I was built only for helping with math.
2025-08-25 00:23:59,195 - INFO - 127.0.0.1 - - [25/Aug/2025 00:23:59] "POST /api/chat HTTP/1.1" 200 -
2025-08-30 22:29:19,876 - INFO - [31m[1mWARNING: This is a development server. Do not use it in a production deployment. Use a production WSGI server instead.[0m
 * Running on all addresses (0.0.0.0)
 * Running on http://127.0.0.1:5000
 * Running on http://192.168.1.171:5000
2025-08-30 22:29:19,876 - INFO - [33mPress CTRL+C to quit[0m
2025-08-30 22:29:19,902 - INFO -  * Restarting with watchdog (windowsapi)
2025-08-30 22:29:22,196 - WARNING -  * Debugger is active!
2025-08-30 22:29:22,202 - INFO -  * Debugger PIN: 832-642-702
2025-08-30 22:30:37,469 - INFO - 127.0.0.1 - - [30/Aug/2025 22:30:37] "OPTIONS /api/chat HTTP/1.1" 200 -
2025-08-30 22:30:39,659 - INFO - USER: hey myself girish 
2025-08-30 22:30:39,659 - INFO - ASSISTANT: Sorry I was built only for helping with math.
2025-08-30 22:30:39,661 - INFO - 127.0.0.1 - - [30/Aug/2025 22:30:39] "POST /api/chat HTTP/1.1" 200 -
2025-08-30 22:30:57,882 - INFO - 127.0.0.1 - - [30/Aug/2025 22:30:57] "OPTIONS /api/chat HTTP/1.1" 200 -
2025-08-30 22:30:59,712 - INFO - USER: MCA at RVCE
2025-08-30 22:30:59,741 - INFO - ASSISTANT: Sorry I was built only for helping with math.
2025-08-30 22:30:59,743 - INFO - 127.0.0.1 - - [30/Aug/2025 22:30:59] "POST /api/chat HTTP/1.1" 200 -
2025-08-30 22:31:36,487 - INFO - 127.0.0.1 - - [30/Aug/2025 22:31:36] "OPTIONS /api/chat HTTP/1.1" 200 -
2025-08-30 22:31:40,277 - INFO - USER: Find the value of the 10th term of an arithmetic progression with the first term a=5 and common difference d=3. (Sequences and Series) 
2025-08-30 22:31:40,277 - INFO - ASSISTANT: Hello there! I'd be happy to help you find the 10th term of that arithmetic progression.

- **Problem**: Find the value of the 10th term of an arithmetic progression with the first term $a=5$ and common difference $d=3$.

- **Solution**:
  To find the $n$-th term of an arithmetic progression, we use the formula:
  $a_n = a + (n-1)d$
  where:
  * $a_n$ is the $n$-th term
  * $a$ is the first term
  * $n$ is the term number
  * $d$ is the common difference

  - **Step 1**: Identify the given values.
    * First term, $a = 5$
    * Common difference, $d = 3$
    * We want to find the 10th term, so $n = 10$.

  - **Step 2**: Substitute these values into the formula.
    $a_{10} = 5 + (10-1) \times 3$

  - **Step 3**: Perform the calculation.
    $a_{10} = 5 + (9) \times 3$
    $a_{10} = 5 + 27$
    $a_{10} = 32$

- **Final Answer**: The 10th term of the arithmetic progression is $\boxed{32}$.
2025-08-30 22:31:40,279 - INFO - 127.0.0.1 - - [30/Aug/2025 22:31:40] "POST /api/chat HTTP/1.1" 200 -
2025-09-10 17:01:23,349 - INFO - [31m[1mWARNING: This is a development server. Do not use it in a production deployment. Use a production WSGI server instead.[0m
 * Running on all addresses (0.0.0.0)
 * Running on http://127.0.0.1:5000
 * Running on http://10.77.39.194:5000
2025-09-10 17:01:23,359 - INFO - [33mPress CTRL+C to quit[0m
2025-09-10 17:01:23,378 - INFO -  * Restarting with watchdog (windowsapi)
2025-09-10 17:01:25,006 - WARNING -  * Debugger is active!
2025-09-10 17:01:25,006 - INFO -  * Debugger PIN: 832-642-702
2025-09-10 17:02:58,993 - INFO - 127.0.0.1 - - [10/Sep/2025 17:02:58] "OPTIONS /api/chat HTTP/1.1" 200 -
2025-09-10 17:03:01,309 - INFO - USER: sm halli
2025-09-10 17:03:01,309 - INFO - ASSISTANT: Sorry I was built only for helping with math.
2025-09-10 17:03:01,309 - INFO - 127.0.0.1 - - [10/Sep/2025 17:03:01] "POST /api/chat HTTP/1.1" 200 -
2025-09-17 19:04:00,632 - INFO - [31m[1mWARNING: This is a development server. Do not use it in a production deployment. Use a production WSGI server instead.[0m
 * Running on all addresses (0.0.0.0)
 * Running on http://127.0.0.1:5000
 * Running on http://192.168.194.194:5000
2025-09-17 19:04:00,641 - INFO - [33mPress CTRL+C to quit[0m
2025-09-17 19:04:00,680 - INFO -  * Restarting with watchdog (windowsapi)
2025-09-17 19:04:05,261 - WARNING -  * Debugger is active!
2025-09-17 19:04:05,272 - INFO -  * Debugger PIN: 832-642-702
